2022-01-15 21:50:31,064 [信息] 
2022-01-15 21:50:31,065 [信息] 
2022-01-15 21:50:31,065 [信息] 
2022-01-15 21:50:31,065 [信息] 
2022-01-15 21:50:31,065 [信息] ===============================================================
2022-01-15 21:50:31,065 [信息] =  [E2EE免费版] 2.2.3 
2022-01-15 21:50:31,066 [信息] =    绑定IP: *
2022-01-15 21:50:31,066 [信息] =    绑定端口: 16789
2022-01-15 21:50:31,066 [信息] ===============================================================
2022-01-15 21:50:31,066 [信息] [服务器] 初始化
2022-01-15 21:50:31,066 [信息] [Session系统] 正在初始化Session系统
2022-01-15 21:50:31,066 [信息] [Session系统] 初始化内存文件存储系统：[内存最大尺寸] 64 MB
2022-01-15 21:50:31,066 [信息] [Session系统] Session系统初始化完成
2022-01-15 21:50:31,067 [信息] [网站防火墙] 未开启防火墙
2022-01-15 21:50:31,067 [信息] [验证器] 无默认验证器配置文件
2022-01-15 21:50:31,067 [信息] [模板] 初始化模板引擎
2022-01-15 21:50:31,067 [信息] [模板] 扫描加载模板目录
2022-01-15 21:50:31,068 [信息] [模板] 加载状态模板
2022-01-15 21:50:31,068 [信息] [模板] [状态模板] 加载状态模板[201][无模板]: [模板目录]/201.esp
2022-01-15 21:50:31,068 [信息] [模板] [状态模板] 加载状态模板[202][无模板]: [模板目录]/202.esp
2022-01-15 21:50:31,069 [信息] [模板] [状态模板] 加载状态模板[204][无模板]: [模板目录]/204.esp
2022-01-15 21:50:31,069 [信息] [模板] [状态模板] 加载状态模板[206][无模板]: [模板目录]/206.esp
2022-01-15 21:50:31,069 [信息] [模板] [状态模板] 加载状态模板[300][无模板]: [模板目录]/300.esp
2022-01-15 21:50:31,070 [信息] [模板] [状态模板] 加载状态模板[301][无模板]: [模板目录]/301.esp
2022-01-15 21:50:31,070 [信息] [模板] [状态模板] 加载状态模板[302][无模板]: [模板目录]/302.esp
2022-01-15 21:50:31,070 [信息] [模板] [状态模板] 加载状态模板[304][无模板]: [模板目录]/304.esp
2022-01-15 21:50:31,070 [信息] [模板] [状态模板] 加载状态模板[400][内置]: [模板目录]/400.esp
2022-01-15 21:50:31,071 [信息] [模板] [状态模板] 加载状态模板[401][内置]: [模板目录]/401.esp
2022-01-15 21:50:31,071 [信息] [模板] [状态模板] 加载状态模板[403][内置]: [模板目录]/403.esp
2022-01-15 21:50:31,072 [信息] [模板] [状态模板] 加载状态模板[404][内置]: [模板目录]/404.html
2022-01-15 21:50:31,072 [信息] [模板] [状态模板] 加载状态模板[416][无模板]: [模板目录]/416.esp
2022-01-15 21:50:31,072 [信息] [模板] [状态模板] 加载状态模板[500][内置]: [模板目录]/500.esp
2022-01-15 21:50:31,073 [信息] [模板] [状态模板] 加载状态模板[501][无模板]: [模板目录]/501.esp
2022-01-15 21:50:31,073 [信息] [模板] [状态模板] 加载状态模板[502][内置]: [模板目录]/502.esp
2022-01-15 21:50:31,073 [信息] [模板] [状态模板] 加载状态模板[503][无模板]: [模板目录]/503.esp
2022-01-15 21:50:31,074 [信息] [模板] [状态模板] 加载状态模板[504][内置]: [模板目录]/504.esp
2022-01-15 21:50:31,074 [信息] [模板] 模板引擎初始化完毕
2022-01-15 21:50:31,074 [信息] [动态模块] 开始加载动态模块
2022-01-15 21:50:31,074 [信息] [动态模块] 完成加载(无配置文件 - [模块]/模块映射.json)
2022-01-15 21:50:31,075 [信息] [模块] 开始加载下级模块
2022-01-15 21:50:31,075 [信息] [模块] 完成下级模块加载
2022-01-15 21:50:31,075 [信息] [远程服务] 开始初始化
2022-01-15 21:50:31,075 [信息] [远程服务] 初始化完成
2022-01-15 21:50:31,075 [信息] [WebService] 未启用
2022-01-15 21:50:31,075 [信息] [模板函数] 同步模板函数
2022-01-15 21:50:31,075 [信息] [模板函数] 函数同步完成
2022-01-15 21:50:31,076 [信息] [模块] 开始加载视图
2022-01-15 21:50:31,076 [信息] [视图] /1
2022-01-15 21:50:31,076 [信息] [模块] 完成视图加载
2022-01-15 21:50:31,076 [信息] [缓存] 加载动态模板页缓存
2022-01-15 21:50:31,076 [信息] [缓存] 无动态模板页缓存设置
2022-01-15 21:50:31,078 [信息] [缓存][动态缓存] 缓存文件不存在
2022-01-15 21:50:31,079 [信息] [缓存] 加载服务器静态缓存设置 [时间] 3秒 [尺寸]131072
2022-01-15 21:50:31,080 [信息] [缓存] 静态缓存初始化成功
2022-01-15 21:50:31,080 [信息] [缓存] 加载服务器缓存动态设置
2022-01-15 21:50:31,080 [信息] [模块] 执行模块初始化函数
2022-01-15 21:50:31,080 [信息] [服务器] 正在初始化请求资源
2022-01-15 21:50:31,080 [信息] [服务器] 正在绑定地址端口
2022-01-15 21:50:31,080 [信息] [服务器] 开始监听端口内容
2022-01-15 21:50:31,080 [信息] [服务器] 开始接收用户连接
2022-01-15 21:50:31,081 [信息] [服务器] 服务器启动成功(企业版可通过【E2EE控制中心】配置线程数)
2022-01-15 21:50:31,081 [信息]     [连接数] 20
2022-01-15 21:50:31,081 [信息]     [线程数] 2
2022-01-15 21:50:31,081 [信息]     [模板数] 40
2022-01-15 21:50:42,787 [信息] [服务器] 服务器已经关闭
2023-04-10 10:05:57,265 [信息] 
2023-04-10 10:05:57,281 [信息] 
2023-04-10 10:05:57,281 [信息] 
2023-04-10 10:05:57,281 [信息] 
2023-04-10 10:05:57,281 [信息] ===============================================================
2023-04-10 10:05:57,281 [信息] =  [E2EE免费版] 2.2.3 
2023-04-10 10:05:57,281 [信息] =    绑定IP: *
2023-04-10 10:05:57,281 [信息] =    绑定端口: 16789
2023-04-10 10:05:57,281 [信息] ===============================================================
2023-04-10 10:05:57,281 [信息] [服务器] 初始化
2023-04-10 10:05:57,281 [信息] [Session系统] 正在初始化Session系统
2023-04-10 10:05:57,281 [信息] [Session系统] 初始化内存文件存储系统：[内存最大尺寸] 64 MB
2023-04-10 10:05:57,281 [信息] [Session系统] Session系统初始化完成
2023-04-10 10:05:57,281 [信息] [网站防火墙] 未开启防火墙
2023-04-10 10:05:57,281 [信息] [验证器] 无默认验证器配置文件
2023-04-10 10:05:57,281 [信息] [模板] 初始化模板引擎
2023-04-10 10:05:57,281 [信息] [模板] 扫描加载模板目录
2023-04-10 10:05:57,281 [信息] [模板] 加载状态模板
2023-04-10 10:05:57,281 [信息] [模板] [状态模板] 加载状态模板[201][无模板]: [模板目录]/201.esp
2023-04-10 10:05:57,281 [信息] [模板] [状态模板] 加载状态模板[202][无模板]: [模板目录]/202.esp
2023-04-10 10:05:57,281 [信息] [模板] [状态模板] 加载状态模板[204][无模板]: [模板目录]/204.esp
2023-04-10 10:05:57,281 [信息] [模板] [状态模板] 加载状态模板[206][无模板]: [模板目录]/206.esp
2023-04-10 10:05:57,281 [信息] [模板] [状态模板] 加载状态模板[300][无模板]: [模板目录]/300.esp
2023-04-10 10:05:57,281 [信息] [模板] [状态模板] 加载状态模板[301][无模板]: [模板目录]/301.esp
2023-04-10 10:05:57,281 [信息] [模板] [状态模板] 加载状态模板[302][无模板]: [模板目录]/302.esp
2023-04-10 10:05:57,281 [信息] [模板] [状态模板] 加载状态模板[304][无模板]: [模板目录]/304.esp
2023-04-10 10:05:57,281 [信息] [模板] [状态模板] 加载状态模板[400][内置]: [模板目录]/400.esp
2023-04-10 10:05:57,295 [信息] [模板] [状态模板] 加载状态模板[401][内置]: [模板目录]/401.esp
2023-04-10 10:05:57,295 [信息] [模板] [状态模板] 加载状态模板[403][内置]: [模板目录]/403.esp
2023-04-10 10:05:57,295 [信息] [模板] [状态模板] 加载状态模板[404][内置]: [模板目录]/404.html
2023-04-10 10:05:57,297 [信息] [模板] [状态模板] 加载状态模板[416][无模板]: [模板目录]/416.esp
2023-04-10 10:05:57,297 [信息] [模板] [状态模板] 加载状态模板[500][内置]: [模板目录]/500.esp
2023-04-10 10:05:57,297 [信息] [模板] [状态模板] 加载状态模板[501][无模板]: [模板目录]/501.esp
2023-04-10 10:05:57,297 [信息] [模板] [状态模板] 加载状态模板[502][内置]: [模板目录]/502.esp
2023-04-10 10:05:57,297 [信息] [模板] [状态模板] 加载状态模板[503][无模板]: [模板目录]/503.esp
2023-04-10 10:05:57,297 [信息] [模板] [状态模板] 加载状态模板[504][内置]: [模板目录]/504.esp
2023-04-10 10:05:57,297 [信息] [模板] 模板引擎初始化完毕
2023-04-10 10:05:57,297 [信息] [动态模块] 开始加载动态模块
2023-04-10 10:05:57,297 [信息] [动态模块] 完成加载(无配置文件 - [模块]/模块映射.json)
2023-04-10 10:05:57,297 [信息] [模块] 开始加载下级模块
2023-04-10 10:05:57,297 [信息] [模块] 完成下级模块加载
2023-04-10 10:05:57,297 [信息] [远程服务] 开始初始化
2023-04-10 10:05:57,297 [信息] [远程服务] 初始化完成
2023-04-10 10:05:57,297 [信息] [WebService] 未启用
2023-04-10 10:05:57,297 [信息] [模板函数] 同步模板函数
2023-04-10 10:05:57,297 [信息] [模板函数] 函数同步完成
2023-04-10 10:05:57,297 [信息] [模块] 开始加载视图
2023-04-10 10:05:57,297 [信息] [视图] /1
2023-04-10 10:05:57,297 [信息] [模块] 完成视图加载
2023-04-10 10:05:57,297 [信息] [缓存] 加载动态模板页缓存
2023-04-10 10:05:57,297 [信息] [缓存] 无动态模板页缓存设置
2023-04-10 10:05:57,313 [信息] [缓存][动态缓存] 读取缓存配置成功
2023-04-10 10:05:57,313 [信息] [缓存] 加载服务器静态缓存设置 [时间] 3秒 [尺寸]131072
2023-04-10 10:05:57,313 [信息] [缓存] 静态缓存初始化成功
2023-04-10 10:05:57,313 [信息] [缓存] 加载服务器缓存动态设置
2023-04-10 10:05:57,313 [信息] [模块] 执行模块初始化函数
2023-04-10 10:05:57,313 [信息] [服务器] 正在初始化请求资源
2023-04-10 10:05:57,313 [信息] [服务器] 正在绑定地址端口
2023-04-10 10:05:57,313 [信息] [服务器] 开始监听端口内容
2023-04-10 10:05:57,313 [信息] [服务器] 开始接收用户连接
2023-04-10 10:05:57,328 [信息] [服务器] 服务器启动成功(企业版可通过【E2EE控制中心】配置线程数)
2023-04-10 10:05:57,328 [信息]     [连接数] 20
2023-04-10 10:05:57,328 [信息]     [线程数] 2
2023-04-10 10:05:57,328 [信息]     [模板数] 40
2023-04-10 10:06:01,917 [信息] [服务器] 服务器已经关闭
